<?xml version="1.0" encoding="UTF-8"?>
<testsuite name="com.tyler.book.springboot.domain.posts.PostsRepositoryTest" tests="1" skipped="0" failures="0" errors="0" timestamp="2021-04-03T07:06:13" hostname="DESKTOP-SUGIN0M" time="0.521">
  <properties/>
  <testcase name="BaseTimeEntity_등록" classname="com.tyler.book.springboot.domain.posts.PostsRepositoryTest" time="0.521"/>
  <system-out><![CDATA[16:06:09.084 [Test worker] DEBUG org.springframework.test.context.junit4.SpringJUnit4ClassRunner - SpringJUnit4ClassRunner constructor called with [class com.tyler.book.springboot.domain.posts.PostsRepositoryTest]
16:06:09.092 [Test worker] DEBUG org.springframework.test.context.BootstrapUtils - Instantiating CacheAwareContextLoaderDelegate from class [org.springframework.test.context.cache.DefaultCacheAwareContextLoaderDelegate]
16:06:09.102 [Test worker] DEBUG org.springframework.test.context.BootstrapUtils - Instantiating BootstrapContext using constructor [public org.springframework.test.context.support.DefaultBootstrapContext(java.lang.Class,org.springframework.test.context.CacheAwareContextLoaderDelegate)]
16:06:09.117 [Test worker] DEBUG org.springframework.test.context.BootstrapUtils - Instantiating TestContextBootstrapper for test class [com.tyler.book.springboot.domain.posts.PostsRepositoryTest] from class [org.springframework.boot.test.context.SpringBootTestContextBootstrapper]
16:06:09.128 [Test worker] INFO org.springframework.boot.test.context.SpringBootTestContextBootstrapper - Neither @ContextConfiguration nor @ContextHierarchy found for test class [com.tyler.book.springboot.domain.posts.PostsRepositoryTest], using SpringBootContextLoader
16:06:09.131 [Test worker] DEBUG org.springframework.test.context.support.AbstractContextLoader - Did not detect default resource location for test class [com.tyler.book.springboot.domain.posts.PostsRepositoryTest]: class path resource [com/tyler/book/springboot/domain/posts/PostsRepositoryTest-context.xml] does not exist
16:06:09.131 [Test worker] DEBUG org.springframework.test.context.support.AbstractContextLoader - Did not detect default resource location for test class [com.tyler.book.springboot.domain.posts.PostsRepositoryTest]: class path resource [com/tyler/book/springboot/domain/posts/PostsRepositoryTestContext.groovy] does not exist
16:06:09.131 [Test worker] INFO org.springframework.test.context.support.AbstractContextLoader - Could not detect default resource locations for test class [com.tyler.book.springboot.domain.posts.PostsRepositoryTest]: no resource found for suffixes {-context.xml, Context.groovy}.
16:06:09.132 [Test worker] INFO org.springframework.test.context.support.AnnotationConfigContextLoaderUtils - Could not detect default configuration classes for test class [com.tyler.book.springboot.domain.posts.PostsRepositoryTest]: PostsRepositoryTest does not declare any static, non-private, non-final, nested classes annotated with @Configuration.
16:06:09.167 [Test worker] DEBUG org.springframework.test.context.support.ActiveProfilesUtils - Could not find an 'annotation declaring class' for annotation type [org.springframework.test.context.ActiveProfiles] and class [com.tyler.book.springboot.domain.posts.PostsRepositoryTest]
16:06:09.242 [Test worker] DEBUG org.springframework.context.annotation.ClassPathScanningCandidateComponentProvider - Identified candidate component class: file [D:\workspace\tyler-springboot-webservice\build\classes\java\main\com\tyler\book\springboot\Application.class]
16:06:09.243 [Test worker] INFO org.springframework.boot.test.context.SpringBootTestContextBootstrapper - Found @SpringBootConfiguration com.tyler.book.springboot.Application for test class com.tyler.book.springboot.domain.posts.PostsRepositoryTest
16:06:09.324 [Test worker] DEBUG org.springframework.boot.test.context.SpringBootTestContextBootstrapper - @TestExecutionListeners is not present for class [com.tyler.book.springboot.domain.posts.PostsRepositoryTest]: using defaults.
16:06:09.324 [Test worker] INFO org.springframework.boot.test.context.SpringBootTestContextBootstrapper - Loaded default TestExecutionListener class names from location [META-INF/spring.factories]: [org.springframework.boot.test.autoconfigure.restdocs.RestDocsTestExecutionListener, org.springframework.boot.test.autoconfigure.web.client.MockRestServiceServerResetTestExecutionListener, org.springframework.boot.test.autoconfigure.web.servlet.MockMvcPrintOnlyOnFailureTestExecutionListener, org.springframework.boot.test.autoconfigure.web.servlet.WebDriverTestExecutionListener, org.springframework.boot.test.mock.mockito.MockitoTestExecutionListener, org.springframework.boot.test.mock.mockito.ResetMocksTestExecutionListener, org.springframework.test.context.web.ServletTestExecutionListener, org.springframework.test.context.support.DirtiesContextBeforeModesTestExecutionListener, org.springframework.test.context.support.DependencyInjectionTestExecutionListener, org.springframework.test.context.support.DirtiesContextTestExecutionListener, org.springframework.test.context.transaction.TransactionalTestExecutionListener, org.springframework.test.context.jdbc.SqlScriptsTestExecutionListener]
16:06:09.342 [Test worker] INFO org.springframework.boot.test.context.SpringBootTestContextBootstrapper - Using TestExecutionListeners: [org.springframework.test.context.web.ServletTestExecutionListener@59a73405, org.springframework.test.context.support.DirtiesContextBeforeModesTestExecutionListener@1dede76e, org.springframework.boot.test.mock.mockito.MockitoTestExecutionListener@522f406b, org.springframework.boot.test.autoconfigure.SpringBootDependencyInjectionTestExecutionListener@2feba646, org.springframework.test.context.support.DirtiesContextTestExecutionListener@4f8cb8a2, org.springframework.test.context.transaction.TransactionalTestExecutionListener@3d28f0aa, org.springframework.test.context.jdbc.SqlScriptsTestExecutionListener@152cc37c, org.springframework.boot.test.autoconfigure.restdocs.RestDocsTestExecutionListener@67878e09, org.springframework.boot.test.autoconfigure.web.client.MockRestServiceServerResetTestExecutionListener@4de463f3, org.springframework.boot.test.autoconfigure.web.servlet.MockMvcPrintOnlyOnFailureTestExecutionListener@37336745, org.springframework.boot.test.autoconfigure.web.servlet.WebDriverTestExecutionListener@447775fc, org.springframework.boot.test.mock.mockito.ResetMocksTestExecutionListener@1fdb4cbd]
16:06:09.345 [Test worker] DEBUG org.springframework.test.annotation.ProfileValueUtils - Retrieved @ProfileValueSourceConfiguration [null] for test class [com.tyler.book.springboot.domain.posts.PostsRepositoryTest]
16:06:09.345 [Test worker] DEBUG org.springframework.test.annotation.ProfileValueUtils - Retrieved ProfileValueSource type [class org.springframework.test.annotation.SystemProfileValueSource] for class [com.tyler.book.springboot.domain.posts.PostsRepositoryTest]
16:06:09.348 [Test worker] DEBUG org.springframework.test.annotation.ProfileValueUtils - Retrieved @ProfileValueSourceConfiguration [null] for test class [com.tyler.book.springboot.domain.posts.PostsRepositoryTest]
16:06:09.349 [Test worker] DEBUG org.springframework.test.annotation.ProfileValueUtils - Retrieved ProfileValueSource type [class org.springframework.test.annotation.SystemProfileValueSource] for class [com.tyler.book.springboot.domain.posts.PostsRepositoryTest]
16:06:09.349 [Test worker] DEBUG org.springframework.test.annotation.ProfileValueUtils - Retrieved @ProfileValueSourceConfiguration [null] for test class [com.tyler.book.springboot.domain.posts.PostsRepositoryTest]
16:06:09.349 [Test worker] DEBUG org.springframework.test.annotation.ProfileValueUtils - Retrieved ProfileValueSource type [class org.springframework.test.annotation.SystemProfileValueSource] for class [com.tyler.book.springboot.domain.posts.PostsRepositoryTest]
16:06:09.354 [Test worker] DEBUG org.springframework.test.context.support.AbstractDirtiesContextTestExecutionListener - Before test class: context [DefaultTestContext@4e9d06e7 testClass = PostsRepositoryTest, testInstance = [null], testMethod = [null], testException = [null], mergedContextConfiguration = [WebMergedContextConfiguration@5cf3a22b testClass = PostsRepositoryTest, locations = '{}', classes = '{class com.tyler.book.springboot.Application}', contextInitializerClasses = '[]', activeProfiles = '{}', propertySourceLocations = '{}', propertySourceProperties = '{org.springframework.boot.test.context.SpringBootTestContextBootstrapper=true}', contextCustomizers = set[org.springframework.boot.test.autoconfigure.properties.PropertyMappingContextCustomizer@0, org.springframework.boot.test.autoconfigure.web.servlet.WebDriverContextCustomizerFactory$Customizer@15317b04, org.springframework.boot.test.context.filter.ExcludeFilterContextCustomizer@695d6cc0, org.springframework.boot.test.json.DuplicateJsonObjectContextCustomizerFactory$DuplicateJsonObjectContextCustomizer@1d9cf8cd, org.springframework.boot.test.mock.mockito.MockitoContextCustomizer@0, org.springframework.boot.test.web.client.TestRestTemplateContextCustomizer@558c7ac6], resourceBasePath = 'src/main/webapp', contextLoader = 'org.springframework.boot.test.context.SpringBootContextLoader', parent = [null]], attributes = map['org.springframework.test.context.web.ServletTestExecutionListener.activateListener' -> true]], class annotated with @DirtiesContext [false] with mode [null].
16:06:09.354 [Test worker] DEBUG org.springframework.test.annotation.ProfileValueUtils - Retrieved @ProfileValueSourceConfiguration [null] for test class [com.tyler.book.springboot.domain.posts.PostsRepositoryTest]
16:06:09.354 [Test worker] DEBUG org.springframework.test.annotation.ProfileValueUtils - Retrieved ProfileValueSource type [class org.springframework.test.annotation.SystemProfileValueSource] for class [com.tyler.book.springboot.domain.posts.PostsRepositoryTest]
16:06:09.371 [Test worker] DEBUG org.springframework.test.context.support.TestPropertySourceUtils - Adding inlined properties to environment: {spring.jmx.enabled=false, org.springframework.boot.test.context.SpringBootTestContextBootstrapper=true, server.port=-1}

  .   ____          _            __ _ _
 /\\ / ___'_ __ _ _(_)_ __  __ _ \ \ \ \
( ( )\___ | '_ | '_| | '_ \/ _` | \ \ \ \
 \\/  ___)| |_)| | | | | || (_| |  ) ) ) )
  '  |____| .__|_| |_|_| |_\__, | / / / /
 =========|_|==============|___/=/_/_/_/
 :: Spring Boot ::        (v2.1.9.RELEASE)

2021-04-03 16:06:09.589  INFO 12080 --- [    Test worker] c.t.b.s.d.posts.PostsRepositoryTest      : Starting PostsRepositoryTest on DESKTOP-SUGIN0M with PID 12080 (started by wjddu in D:\workspace\tyler-springboot-webservice)
2021-04-03 16:06:09.590  INFO 12080 --- [    Test worker] c.t.b.s.d.posts.PostsRepositoryTest      : No active profile set, falling back to default profiles: default
2021-04-03 16:06:10.232  INFO 12080 --- [    Test worker] .s.d.r.c.RepositoryConfigurationDelegate : Bootstrapping Spring Data repositories in DEFAULT mode.
2021-04-03 16:06:10.303  INFO 12080 --- [    Test worker] .s.d.r.c.RepositoryConfigurationDelegate : Finished Spring Data repository scanning in 61ms. Found 1 repository interfaces.
2021-04-03 16:06:10.663  INFO 12080 --- [    Test worker] trationDelegate$BeanPostProcessorChecker : Bean 'org.springframework.transaction.annotation.ProxyTransactionManagementConfiguration' of type [org.springframework.transaction.annotation.ProxyTransactionManagementConfiguration$$EnhancerBySpringCGLIB$$8285d227] is not eligible for getting processed by all BeanPostProcessors (for example: not eligible for auto-proxying)
2021-04-03 16:06:10.855  INFO 12080 --- [    Test worker] com.zaxxer.hikari.HikariDataSource       : HikariPool-1 - Starting...
2021-04-03 16:06:11.043  INFO 12080 --- [    Test worker] com.zaxxer.hikari.HikariDataSource       : HikariPool-1 - Start completed.
2021-04-03 16:06:11.119  INFO 12080 --- [    Test worker] o.hibernate.jpa.internal.util.LogHelper  : HHH000204: Processing PersistenceUnitInfo [
	name: default
	...]
2021-04-03 16:06:11.181  INFO 12080 --- [    Test worker] org.hibernate.Version                    : HHH000412: Hibernate Core {5.3.12.Final}
2021-04-03 16:06:11.183  INFO 12080 --- [    Test worker] org.hibernate.cfg.Environment            : HHH000206: hibernate.properties not found
2021-04-03 16:06:11.316  INFO 12080 --- [    Test worker] o.hibernate.annotations.common.Version   : HCANN000001: Hibernate Commons Annotations {5.0.4.Final}
2021-04-03 16:06:11.466  INFO 12080 --- [    Test worker] org.hibernate.dialect.Dialect            : HHH000400: Using dialect: org.hibernate.dialect.MySQL5InnoDBDialect
Hibernate: drop table if exists posts
Hibernate: create table posts (id bigint not null auto_increment, created_date datetime, modified_date datetime, author varchar(255), content TEXT not null, title varchar(500) not null, primary key (id)) engine=InnoDB
2021-04-03 16:06:12.022  INFO 12080 --- [    Test worker] o.h.t.schema.internal.SchemaCreatorImpl  : HHH000476: Executing import script 'org.hibernate.tool.schema.internal.exec.ScriptSourceInputNonExistentImpl@3cc1b5ec'
2021-04-03 16:06:12.024  INFO 12080 --- [    Test worker] j.LocalContainerEntityManagerFactoryBean : Initialized JPA EntityManagerFactory for persistence unit 'default'
2021-04-03 16:06:12.894  INFO 12080 --- [    Test worker] o.s.s.concurrent.ThreadPoolTaskExecutor  : Initializing ExecutorService 'applicationTaskExecutor'
2021-04-03 16:06:12.957  WARN 12080 --- [    Test worker] aWebConfiguration$JpaWebMvcConfiguration : spring.jpa.open-in-view is enabled by default. Therefore, database queries may be performed during view rendering. Explicitly configure spring.jpa.open-in-view to disable this warning
2021-04-03 16:06:13.320  INFO 12080 --- [    Test worker] c.t.b.s.d.posts.PostsRepositoryTest      : Started PostsRepositoryTest in 3.94 seconds (JVM running for 5.305)
Hibernate: insert into posts (created_date, modified_date, author, content, title) values (?, ?, ?, ?, ?)
2021-04-03 16:06:13.675  INFO 12080 --- [    Test worker] o.h.h.i.QueryTranslatorFactoryInitiator  : HHH000397: Using ASTQueryTranslatorFactory
Hibernate: select posts0_.id as id1_0_, posts0_.created_date as created_2_0_, posts0_.modified_date as modified3_0_, posts0_.author as author4_0_, posts0_.content as content5_0_, posts0_.title as title6_0_ from posts posts0_
## BaseTimeEntity_등록 || createDate: 2021-04-03T16:06:13.579
## BaseTimeEntity_등록 || modifiedDate: 2021-04-03T16:06:13.579
Hibernate: select posts0_.id as id1_0_, posts0_.created_date as created_2_0_, posts0_.modified_date as modified3_0_, posts0_.author as author4_0_, posts0_.content as content5_0_, posts0_.title as title6_0_ from posts posts0_
Hibernate: delete from posts where id=?
]]></system-out>
  <system-err><![CDATA[]]></system-err>
</testsuite>
